Flutter crash report; please file at https://github.com/flutter/flutter/issues.

## command

flutter build bundle --suppress-analytics --target C:\Users\Sir_Moak\Documents\PROJECTS\memoir\lib\main.dart --track-widget-creation --compilation-trace-file compilation.txt --target-platform android-arm64 --depfile C:\Users\Sir_Moak\Documents\PROJECTS\memoir\build\app\intermediates\flutter\debug\android-arm64/snapshot_blob.bin.d --asset-dir C:\Users\Sir_Moak\Documents\PROJECTS\memoir\build\app\intermediates\flutter\debug\android-arm64/flutter_assets --debug

## exception

FileSystemException: FileSystemException: Deletion failed, path = 'C:\Users\Sir_Moak\Documents\PROJECTS\memoir\build\app\intermediates\flutter\debug\android-arm64/flutter_assets' (OS Error: The directory is not empty.
, errno = 145)

```
#0      _Directory._deleteSync (dart:io/directory_impl.dart:206:7)
#1      FileSystemEntity.deleteSync (dart:io/file_system_entity.dart:466:47)
#2      ForwardingFileSystemEntity.deleteSync (package:file/src/forwarding/forwarding_file_system_entity.dart:72:16)
#3      writeBundle (package:flutter_tools/src/bundle.dart:226:15)
<asynchronous suspension>
#4      assemble (package:flutter_tools/src/bundle.dart:217:9)
<asynchronous suspension>
#5      build (package:flutter_tools/src/bundle.dart:150:9)
<asynchronous suspension>
#6      BuildBundleCommand.runCommand (package:flutter_tools/src/commands/build_bundle.dart:95:11)
<asynchronous suspension>
#7      FlutterCommand.verifyThenRunCommand (package:flutter_tools/src/runner/flutter_command.dart:488:18)
<asynchronous suspension>
#8      FlutterCommand.run.<anonymous closure> (package:flutter_tools/src/runner/flutter_command.dart:424:33)
<asynchronous suspension>
#9      AppContext.run.<anonymous closure> (package:flutter_tools/src/base/context.dart:153:29)
<asynchronous suspension>
#10     _rootRun (dart:async/zone.dart:1124:13)
#11     _CustomZone.run (dart:async/zone.dart:1021:19)
#12     _runZoned (dart:async/zone.dart:1516:10)
#13     runZoned (dart:async/zone.dart:1463:12)
#14     AppContext.run (package:flutter_tools/src/base/context.dart:152:18)
<asynchronous suspension>
#15     FlutterCommand.run (package:flutter_tools/src/runner/flutter_command.dart:415:20)
#16     CommandRunner.runCommand (package:args/command_runner.dart:196:27)
<asynchronous suspension>
#17     FlutterCommandRunner.runCommand.<anonymous closure> (package:flutter_tools/src/runner/flutter_command_runner.dart:396:21)
<asynchronous suspension>
#18     AppContext.run.<anonymous closure> (package:flutter_tools/src/base/context.dart:153:29)
<asynchronous suspension>
#19     _rootRun (dart:async/zone.dart:1124:13)
#20     _CustomZone.run (dart:async/zone.dart:1021:19)
#21     _runZoned (dart:async/zone.dart:1516:10)
#22     runZoned (dart:async/zone.dart:1463:12)
#23     AppContext.run (package:flutter_tools/src/base/context.dart:152:18)
<asynchronous suspension>
#24     FlutterCommandRunner.runCommand (package:flutter_tools/src/runner/flutter_command_runner.dart:356:19)
<asynchronous suspension>
#25     CommandRunner.run.<anonymous closure> (package:args/command_runner.dart:111:29)
#26     new Future.sync (dart:async/future.dart:224:31)
#27     CommandRunner.run (package:args/command_runner.dart:111:11)
#28     FlutterCommandRunner.run (package:flutter_tools/src/runner/flutter_command_runner.dart:242:18)
#29     run.<anonymous closure> (package:flutter_tools/runner.dart:60:20)
<asynchronous suspension>
#30     AppContext.run.<anonymous closure> (package:flutter_tools/src/base/context.dart:153:29)
<asynchronous suspension>
#31     _rootRun (dart:async/zone.dart:1124:13)
#32     _CustomZone.run (dart:async/zone.dart:1021:19)
#33     _runZoned (dart:async/zone.dart:1516:10)
#34     runZoned (dart:async/zone.dart:1463:12)
#35     AppContext.run (package:flutter_tools/src/base/context.dart:152:18)
<asynchronous suspension>
#36     runInContext (package:flutter_tools/src/context_runner.dart:51:24)
<asynchronous suspension>
#37     run (package:flutter_tools/runner.dart:51:10)
#38     main (package:flutter_tools/executable.dart:59:9)
<asynchronous suspension>
#39     main (file:///C:/src/flutter/packages/flutter_tools/bin/flutter_tools.dart:8:3)
#40     _startIsolate.<anonymous closure> (dart:isolate-patch/isolate_patch.dart:298:32)
#41     _RawReceivePortImpl._handleMessage (dart:isolate-patch/isolate_patch.dart:171:12)
```

## flutter doctor

```
[✓] Flutter (Channel beta, v1.6.3, on Microsoft Windows [Version 10.0.17134.829], locale en-US)
    • Flutter version 1.6.3 at C:\src\flutter
    • Framework revision bc7bc94083 (6 weeks ago), 2019-05-23 10:29:07 -0700
    • Engine revision 8dc3a4cde2
    • Dart version 2.3.2 (build 2.3.2-dev.0.0 e3edfd36b2)

[✓] Android toolchain - develop for Android devices (Android SDK version 28.0.3)
    • Android SDK at C:\Users\Sir_Moak\AppData\Local\Android\sdk
    • Android NDK location not configured (optional; useful for native profiling support)
    • Platform android-28, build-tools 28.0.3
    • Java binary at: C:\Program Files\Android\Android Studio\jre\bin\java
    • Java version OpenJDK Runtime Environment (build 1.8.0_152-release-1343-b01)
    • All Android licenses accepted.

[✓] Android Studio (version 3.4)
    • Android Studio at C:\Program Files\Android\Android Studio
    • Flutter plugin version 35.3.1
    • Dart plugin version 183.6270
    • Java version OpenJDK Runtime Environment (build 1.8.0_152-release-1343-b01)

[✓] VS Code
    • VS Code at C:\Users\Sir_Moak\AppData\Local\Programs\Microsoft VS Code
    • Flutter extension version 3.2.0

[✓] VS Code, 64-bit edition (version 1.35.1)
    • VS Code at C:\Program Files\Microsoft VS Code
    • Flutter extension version 3.2.0

[✓] Connected device (1 available)
    • TECNO CF8 • 03785258CL000748 • android-arm64 • Android 8.1.0 (API 27)

• No issues found!
```
